<?xml version="1.0" encoding="UTF-8"?>
<!-- Generated by org.testng.reporters.JUnitXMLReporter -->
<testsuite ignored="0" hostname="LIN-5CG5162CM9" failures="0" tests="1" name="Test" time="0.098" errors="0" timestamp="2025-07-13T03:39:04 IST">
  <testcase classname="sauceDemoApplication.testBase.BaseClass" name="@BeforeClass setup" time="-1.752358144173E9">
    <failure type="org.testng.TestNGException" message="
Parameter &amp;apos;os&amp;apos; is required by BeforeClass on method setup but has not been marked @Optional or defined
in C:\Users\vparuchu\eclipse-workspace\HybridDrivenFramework\testng.xml">
      <![CDATA[org.testng.TestNGException: 
Parameter 'os' is required by BeforeClass on method setup but has not been marked @Optional or defined
in C:\Users\vparuchu\eclipse-workspace\HybridDrivenFramework\testng.xml
at java.base/java.util.ArrayList.forEach(ArrayList.java:1596)
... Removed 22 stack frames]]>
    </failure>
  </testcase> <!-- @BeforeClass setup -->
  <testcase classname="sauceDemoApplication.testBase.BaseClass" name="@AfterClass closure" time="0.0">
    <skipped/>
  </testcase> <!-- @AfterClass closure -->
  <testcase classname="sauceDemoApplication.testCases.LoginTest" name="login" time="0.0">
    <skipped/>
  </testcase> <!-- login -->
</testsuite> <!-- Test -->
